\BOOKMARK [1][-]{section.1}{Introduction}{}% 1
\BOOKMARK [1][-]{section.2}{Related Work}{}% 2
\BOOKMARK [1][-]{section.3}{Problem Definition}{}% 3
\BOOKMARK [2][-]{subsection.3.1}{Markov Decision Processes and Reinforcement Learning}{section.3}% 4
\BOOKMARK [2][-]{subsection.3.2}{Q Learning and Value-Based RL}{section.3}% 5
\BOOKMARK [2][-]{subsection.3.3}{Deep Q Network}{section.3}% 6
\BOOKMARK [1][-]{section.4}{Methods}{}% 7
\BOOKMARK [2][-]{subsection.4.1}{Reinforcement Learning Agent}{section.4}% 8
\BOOKMARK [2][-]{subsection.4.2}{Reinforcement Learning Environment}{section.4}% 9
\BOOKMARK [2][-]{subsection.4.3}{State Representation}{section.4}% 10
\BOOKMARK [2][-]{subsection.4.4}{Actions of the Agent}{section.4}% 11
\BOOKMARK [2][-]{subsection.4.5}{Modal Prioritisation}{section.4}% 12
\BOOKMARK [1][-]{section.5}{Reward Functions}{}% 13
\BOOKMARK [1][-]{section.6}{Results}{}% 14
\BOOKMARK [1][-]{section.7}{Discussion and Conclusion}{}% 15
\BOOKMARK [2][-]{subsection.7.1}{Queue Length based Rewards}{section.7}% 16
\BOOKMARK [3][-]{subsubsection.7.1.1}{Queue Length}{subsection.7.1}% 17
\BOOKMARK [3][-]{subsubsection.7.1.2}{Queue Squared}{subsection.7.1}% 18
\BOOKMARK [3][-]{subsubsection.7.1.3}{Delta Queue}{subsection.7.1}% 19
\BOOKMARK [2][-]{subsection.7.2}{Waiting Time based Rewards}{section.7}% 20
\BOOKMARK [3][-]{subsubsection.7.2.1}{Wait Time}{subsection.7.2}% 21
\BOOKMARK [3][-]{subsubsection.7.2.2}{Delta Wait Time}{subsection.7.2}% 22
\BOOKMARK [3][-]{subsubsection.7.2.3}{Waiting Time Adjusted by Demand}{subsection.7.2}% 23
\BOOKMARK [2][-]{subsection.7.3}{Time Lost based Rewards}{section.7}% 24
\BOOKMARK [3][-]{subsubsection.7.3.1}{Time Lost}{subsection.7.3}% 25
\BOOKMARK [3][-]{subsubsection.7.3.2}{Delta Time Lost}{subsection.7.3}% 26
\BOOKMARK [3][-]{subsubsection.7.3.3}{Delay Adjusted by Demand}{subsection.7.3}% 27
\BOOKMARK [2][-]{subsection.7.4}{Average Speed based Rewards}{section.7}% 28
\BOOKMARK [3][-]{subsubsection.7.4.1}{Average Speed, Wait Time Variant}{subsection.7.4}% 29
\BOOKMARK [3][-]{subsubsection.7.4.2}{Average Speed, Occupancy Variant}{subsection.7.4}% 30
\BOOKMARK [3][-]{subsubsection.7.4.3}{Average Speed Scaled by Demand, Demand and Occupancy}{subsection.7.4}% 31
\BOOKMARK [2][-]{subsection.7.5}{Throughput based Rewards}{section.7}% 32
\BOOKMARK [3][-]{subsubsection.7.5.1}{Throughput}{subsection.7.5}% 33
\BOOKMARK [1][-]{section.8}{Experiments}{}% 34
\BOOKMARK [2][-]{subsection.8.1}{DQN Agents Training}{section.8}% 35
\BOOKMARK [2][-]{subsection.8.2}{Evaluation and Scoring}{section.8}% 36
\BOOKMARK [1][-]{section*.2}{References}{}% 37
