\BOOKMARK [1][-]{section*.1}{\376\377\000A\000b\000s\000t\000r\000a\000c\000t}{}% 1
\BOOKMARK [1][-]{section.1}{\376\377\0001\000\040\000I\000n\000t\000r\000o\000d\000u\000c\000t\000i\000o\000n}{}% 2
\BOOKMARK [1][-]{section.2}{\376\377\0002\000\040\000R\000e\000l\000a\000t\000e\000d\000\040\000W\000o\000r\000k}{}% 3
\BOOKMARK [1][-]{section.3}{\376\377\0003\000\040\000P\000r\000o\000b\000l\000e\000m\000\040\000D\000e\000f\000i\000n\000i\000t\000i\000o\000n}{}% 4
\BOOKMARK [2][-]{subsection.3.1}{\376\377\0003\000.\0001\000\040\000M\000a\000r\000k\000o\000v\000\040\000D\000e\000c\000i\000s\000i\000o\000n\000\040\000P\000r\000o\000c\000e\000s\000s\000e\000s\000\040\000a\000n\000d\000\040\000R\000e\000i\000n\000f\000o\000r\000c\000e\000m\000e\000n\000t\000\040\000L\000e\000a\000r\000n\000i\000n\000g}{section.3}% 5
\BOOKMARK [2][-]{subsection.3.2}{\376\377\0003\000.\0002\000\040\000Q\000\040\000L\000e\000a\000r\000n\000i\000n\000g\000\040\000a\000n\000d\000\040\000V\000a\000l\000u\000e\000-\000B\000a\000s\000e\000d\000\040\000R\000L}{section.3}% 6
\BOOKMARK [2][-]{subsection.3.3}{\376\377\0003\000.\0003\000\040\000D\000e\000e\000p\000\040\000Q\000\040\000N\000e\000t\000w\000o\000r\000k}{section.3}% 7
\BOOKMARK [1][-]{section.4}{\376\377\0004\000\040\000M\000e\000t\000h\000o\000d\000s}{}% 8
\BOOKMARK [2][-]{subsection.4.1}{\376\377\0004\000.\0001\000\040\000R\000e\000i\000n\000f\000o\000r\000c\000e\000m\000e\000n\000t\000\040\000L\000e\000a\000r\000n\000i\000n\000g\000\040\000A\000g\000e\000n\000t}{section.4}% 9
\BOOKMARK [2][-]{subsection.4.2}{\376\377\0004\000.\0002\000\040\000R\000e\000i\000n\000f\000o\000r\000c\000e\000m\000e\000n\000t\000\040\000L\000e\000a\000r\000n\000i\000n\000g\000\040\000E\000n\000v\000i\000r\000o\000n\000m\000e\000n\000t}{section.4}% 10
\BOOKMARK [2][-]{subsection.4.3}{\376\377\0004\000.\0003\000\040\000S\000t\000a\000t\000e\000\040\000R\000e\000p\000r\000e\000s\000e\000n\000t\000a\000t\000i\000o\000n}{section.4}% 11
\BOOKMARK [2][-]{subsection.4.4}{\376\377\0004\000.\0004\000\040\000A\000c\000t\000i\000o\000n\000s\000\040\000o\000f\000\040\000t\000h\000e\000\040\000A\000g\000e\000n\000t}{section.4}% 12
\BOOKMARK [2][-]{subsection.4.5}{\376\377\0004\000.\0005\000\040\000M\000o\000d\000a\000l\000\040\000P\000r\000i\000o\000r\000i\000t\000i\000s\000a\000t\000i\000o\000n\000\040\000a\000n\000d\000\040\000A\000d\000j\000u\000s\000t\000i\000n\000g\000\040\000b\000y\000\040\000D\000e\000m\000a\000n\000d}{section.4}% 13
\BOOKMARK [1][-]{section.5}{\376\377\0005\000\040\000R\000e\000w\000a\000r\000d\000\040\000F\000u\000n\000c\000t\000i\000o\000n\000s}{}% 14
\BOOKMARK [2][-]{subsection.5.1}{\376\377\0005\000.\0001\000\040\000Q\000u\000e\000u\000e\000\040\000L\000e\000n\000g\000t\000h\000\040\000b\000a\000s\000e\000d\000\040\000R\000e\000w\000a\000r\000d\000s}{section.5}% 15
\BOOKMARK [2][-]{subsection.5.2}{\376\377\0005\000.\0002\000\040\000W\000a\000i\000t\000i\000n\000g\000\040\000T\000i\000m\000e\000\040\000b\000a\000s\000e\000d\000\040\000R\000e\000w\000a\000r\000d\000s}{section.5}% 16
\BOOKMARK [2][-]{subsection.5.3}{\376\377\0005\000.\0003\000\040\000D\000e\000l\000a\000y\000\040\000b\000a\000s\000e\000d\000\040\000R\000e\000w\000a\000r\000d\000s}{section.5}% 17
\BOOKMARK [2][-]{subsection.5.4}{\376\377\0005\000.\0004\000\040\000A\000v\000e\000r\000a\000g\000e\000\040\000S\000p\000e\000e\000d\000\040\000b\000a\000s\000e\000d\000\040\000R\000e\000w\000a\000r\000d\000s}{section.5}% 18
\BOOKMARK [2][-]{subsection.5.5}{\376\377\0005\000.\0005\000\040\000T\000h\000r\000o\000u\000g\000h\000p\000u\000t\000\040\000b\000a\000s\000e\000d\000\040\000R\000e\000w\000a\000r\000d\000s}{section.5}% 19
\BOOKMARK [1][-]{section.6}{\376\377\0006\000\040\000E\000x\000p\000e\000r\000i\000m\000e\000n\000t\000s}{}% 20
\BOOKMARK [2][-]{subsection.6.1}{\376\377\0006\000.\0001\000\040\000D\000Q\000N\000\040\000A\000g\000e\000n\000t\000s\000\040\000T\000r\000a\000i\000n\000i\000n\000g}{section.6}% 21
\BOOKMARK [2][-]{subsection.6.2}{\376\377\0006\000.\0002\000\040\000E\000v\000a\000l\000u\000a\000t\000i\000o\000n\000\040\000a\000n\000d\000\040\000S\000c\000o\000r\000i\000n\000g}{section.6}% 22
\BOOKMARK [1][-]{section.7}{\376\377\0007\000\040\000R\000e\000s\000u\000l\000t\000s\000\040\000a\000n\000d\000\040\000D\000i\000s\000c\000u\000s\000s\000i\000o\000n}{}% 23
\BOOKMARK [1][-]{section*.11}{\376\377\000R\000e\000f\000e\000r\000e\000n\000c\000e\000s}{}% 24
